<?xml version="1.0" encoding="UTF-8"?>
<!-- Generated by org.testng.reporters.JUnitXMLReporter -->
<testsuite ignored="0" hostname="DESKTOP-MUMOJ1G" failures="3" tests="4" name="Test" time="137.659" errors="0" timestamp="2022-07-26T20:36:32 IST">
  <testcase classname="testClass.VerifyUserLogin" name="verifyUserLogin" time="26.842"/>
  <testcase classname="testClass.VerifyUserCanGetProfile" name="verifyLoginUserProfile" time="23.881">
    <failure type="java.lang.AssertionError" message="expected [priyanka] but found [true]">
      <![CDATA[java.lang.AssertionError: expected [priyanka] but found [true]
at testClass.VerifyUserCanGetProfile.verifyLoginUserProfile(VerifyUserCanGetProfile.java:39)
at java.base/java.util.ArrayList.forEach(ArrayList.java:1511)
... Removed 32 stack frames]]>
    </failure>
  </testcase> <!-- verifyLoginUserProfile -->
  <testcase classname="testClass.VerifyUserCanGetProfile" name="verifyUserCanGoToProfile" time="5.634">
    <failure type="java.lang.AssertionError" message="expected [priyanka kalpande] but found [false]">
      <![CDATA[java.lang.AssertionError: expected [priyanka kalpande] but found [false]
at testClass.VerifyUserCanGetProfile.verifyUserCanGoToProfile(VerifyUserCanGetProfile.java:49)
at java.base/java.util.ArrayList.forEach(ArrayList.java:1511)
... Removed 32 stack frames]]>
    </failure>
  </testcase> <!-- verifyUserCanGoToProfile -->
  <testcase classname="testClass.VerifyUserCanAddNewAddress" name="VerifyUserAddNewAddress" time="23.578">
    <failure type="org.openqa.selenium.ElementClickInterceptedException" message="element click intercepted: Element &amp;lt;div class=&amp;quot;NS64GK&amp;quot;&amp;gt;...&amp;lt;/div&amp;gt; is not clickable at point (216, 386). Other element would receive the click: &amp;lt;a title=&amp;quot;...&amp;quot; class=&amp;quot;_3QN6WI&amp;quot; href=&amp;quot;/kitchen-cookware-serveware/barware/pr?sid=upp%2Cta2&amp;amp;amp;otracker=nmenu_sub_Home%20%26%20Furniture_0_Barware&amp;quot;&amp;gt;Barware&amp;lt;/a&amp;gt;
  (Session info: chrome=103.0.5060.134)
Build info: version: &amp;apos;4.2.0&amp;apos;, revision: &amp;apos;86eb611648&amp;apos;
System info: host: &amp;apos;DESKTOP-MUMOJ1G&amp;apos;, ip: &amp;apos;192.168.201.178&amp;apos;, os.name: &amp;apos;Windows 10&amp;apos;, os.arch: &amp;apos;amd64&amp;apos;, os.version: &amp;apos;10.0&amp;apos;, java.version: &amp;apos;17.0.2&amp;apos;
Driver info: org.openqa.selenium.chrome.ChromeDriver
Command: [a616a3e776c5aaea687d46809872f237, clickElement {id=391585f0-26f3-4eb9-8759-e7e5dbfb82bd}]
Capabilities {acceptInsecureCerts: false, browserName: chrome, browserVersion: 103.0.5060.134, chrome: {chromedriverVersion: 102.0.5005.61 (0e59bcc00cc4..., userDataDir: C:\Users\Priyanka\AppData\L...}, goog:chromeOptions: {debuggerAddress: localhost:54022}, javascriptEnabled: true, networkConnectionEnabled: false, pageLoadStrategy: normal, platform: WINDOWS, platformName: WINDOWS, proxy: Proxy(), se:cdp: ws://localhost:54022/devtoo..., se:cdpVersion: 103.0.5060.134, setWindowRect: true, strictFileInteractability: false, timeouts: {implicit: 0, pageLoad: 300000, script: 30000}, unhandledPromptBehavior: dismiss and notify, webauthn:extension:credBlob: true, webauthn:extension:largeBlob: true, webauthn:virtualAuthenticators: true}
Element: [[ChromeDriver: chrome on WINDOWS (a616a3e776c5aaea687d46809872f237)] -&amp;gt; xpath: //div[text()=&amp;apos;Manage Addresses&amp;apos;]]
Session ID: a616a3e776c5aaea687d46809872f237">
      <![CDATA[org.openqa.selenium.ElementClickInterceptedException: element click intercepted: Element <div class="NS64GK">...</div> is not clickable at point (216, 386). Other element would receive the click: <a title="..." class="_3QN6WI" href="/kitchen-cookware-serveware/barware/pr?sid=upp%2Cta2&amp;otracker=nmenu_sub_Home%20%26%20Furniture_0_Barware">Barware</a>
  (Session info: chrome=103.0.5060.134)
Build info: version: '4.2.0', revision: '86eb611648'
System info: host: 'DESKTOP-MUMOJ1G', ip: '192.168.201.178', os.name: 'Windows 10', os.arch: 'amd64', os.version: '10.0', java.version: '17.0.2'
Driver info: org.openqa.selenium.chrome.ChromeDriver
Command: [a616a3e776c5aaea687d46809872f237, clickElement {id=391585f0-26f3-4eb9-8759-e7e5dbfb82bd}]
Capabilities {acceptInsecureCerts: false, browserName: chrome, browserVersion: 103.0.5060.134, chrome: {chromedriverVersion: 102.0.5005.61 (0e59bcc00cc4..., userDataDir: C:\Users\Priyanka\AppData\L...}, goog:chromeOptions: {debuggerAddress: localhost:54022}, javascriptEnabled: true, networkConnectionEnabled: false, pageLoadStrategy: normal, platform: WINDOWS, platformName: WINDOWS, proxy: Proxy(), se:cdp: ws://localhost:54022/devtoo..., se:cdpVersion: 103.0.5060.134, setWindowRect: true, strictFileInteractability: false, timeouts: {implicit: 0, pageLoad: 300000, script: 30000}, unhandledPromptBehavior: dismiss and notify, webauthn:extension:credBlob: true, webauthn:extension:largeBlob: true, webauthn:virtualAuthenticators: true}
Element: [[ChromeDriver: chrome on WINDOWS (a616a3e776c5aaea687d46809872f237)] -> xpath: //div[text()='Manage Addresses']]
Session ID: a616a3e776c5aaea687d46809872f237
at org.openqa.selenium.remote.codec.w3c.W3CHttpResponseCodec.createException(W3CHttpResponseCodec.java:200)
at org.openqa.selenium.remote.codec.w3c.W3CHttpResponseCodec.decode(W3CHttpResponseCodec.java:133)
at org.openqa.selenium.remote.codec.w3c.W3CHttpResponseCodec.decode(W3CHttpResponseCodec.java:53)
at org.openqa.selenium.remote.HttpCommandExecutor.execute(HttpCommandExecutor.java:184)
at org.openqa.selenium.remote.service.DriverCommandExecutor.invokeExecute(DriverCommandExecutor.java:167)
at org.openqa.selenium.remote.service.DriverCommandExecutor.execute(DriverCommandExecutor.java:142)
at org.openqa.selenium.remote.RemoteWebDriver.execute(RemoteWebDriver.java:566)
at org.openqa.selenium.remote.RemoteWebElement.execute(RemoteWebElement.java:257)
at org.openqa.selenium.remote.RemoteWebElement.click(RemoteWebElement.java:78)
at org.openqa.selenium.support.pagefactory.internal.LocatingElementHandler.invoke(LocatingElementHandler.java:52)
at jdk.proxy2/jdk.proxy2.$Proxy18.click(Unknown Source)
at pomClass.ProfilePage.getManageAddress(ProfilePage.java:56)
at testClass.VerifyUserCanAddNewAddress.VerifyUserAddNewAddress(VerifyUserCanAddNewAddress.java:36)
at java.base/java.util.ArrayList.forEach(ArrayList.java:1511)
... Removed 36 stack frames]]>
    </failure>
  </testcase> <!-- VerifyUserAddNewAddress -->
</testsuite> <!-- Test -->
